Sat, 27 Apr 2013 22:23:34 GMT: INFO - ***************** APP 3 started******************
Sat, 27 Apr 2013 22:23:34 GMT: DEBUG - App3 >> index.js >> onload >> going to call gm.vehicle.getVehicleConfiguration 
Sat, 27 Apr 2013 22:23:34 GMT: DEBUG - App3 >> index.js >> onload 
Sat, 27 Apr 2013 22:23:34 GMT: DEBUG - App3 >> NetworkWatchInterface.js >> init >> calling gm.hmi.watchNetworkConnectivity
Sat, 27 Apr 2013 22:23:34 GMT: DEBUG - App3 >> NetworkWatchInterface.js >> init >> calling gm.hmi.getNetworkConnectivity()
Sat, 27 Apr 2013 22:23:34 GMT: DEBUG - App3 >> NetworkWatchInterface.js >> init >> doing nothing when gm.hmi.getNetworkConnectivity()=true
Sat, 27 Apr 2013 22:23:34 GMT: DEBUG - App3 >> index.js >> onload >> NetworkWatchInterface initializiation called
Sat, 27 Apr 2013 22:23:34 GMT: DEBUG - App3 >> DataWatchInterface.js >> init 
Sat, 27 Apr 2013 22:23:34 GMT: DEBUG - App3 >> index.js >> onload >> DataWatchInterface initializiation called
Sat, 27 Apr 2013 22:23:34 GMT: DEBUG - App3 >> TokenWatchInterface.js >> init 
Sat, 27 Apr 2013 22:23:34 GMT: DEBUG - App3 >> TokenWatchInterface.js >> checkToken >> call gm.networkmanager.getAuthToken 
Sat, 27 Apr 2013 22:23:34 GMT: DEBUG - App3 >> TokenWatchInterface.js >> checkToken >> success in gm.networkmanager.getAuthToken 
Sat, 27 Apr 2013 22:23:34 GMT: DEBUG - App3 >> TokenWatchInterface.js >> checkToken >> current Date:Sat Apr 27 2013 00:00:00 GMT-0400 (EDT)
Sat, 27 Apr 2013 22:23:34 GMT: DEBUG - APP 3 >>  TokenWatchInterface.js >> checkToken >> Current Date: 
Sat, 27 Apr 2013 22:23:34 GMT: DEBUG - App3 >> index.js >> onload >> TokenWatchInterface initializiation called
Sat, 27 Apr 2013 22:23:34 GMT: DEBUG - App3 >> index.js >> onload >> getNetworkConnectivity=true
Sat, 27 Apr 2013 22:23:34 GMT: DEBUG - App3 >>index.js >> onload >>  Network connectivity is available Start Sync
Sat, 27 Apr 2013 22:23:34 GMT: DEBUG - App3 >> sync.js >>  synchronize >>STARTING SYNC
Sat, 27 Apr 2013 22:23:34 GMT: DEBUG - App3 >> sync.js >>  synchronize >> call gm.networkmanager.getAuthToken
Sat, 27 Apr 2013 22:23:34 GMT: DEBUG - App3 >> sync.js >>  synchronize >> success in gm.networkmanager.getAuthToken
Sat, 27 Apr 2013 22:23:34 GMT: DEBUG - App3 >> sync.js >>  synchronize >>getAuth Token userData:[object Object]
Sat, 27 Apr 2013 22:23:34 GMT: DEBUG - App3 >> sync.js >>  synchronize >> userdata Authtoken:m5g9i2s
Sat, 27 Apr 2013 22:23:34 GMT: DEBUG - App3 >>index.js >> onload >> call Config.processBaseUrl()
Sat, 27 Apr 2013 22:23:36 GMT: DEBUG - App3 >> DataWatchInterface.js >> init >> gm.communication.watchForData success. WatchID:0
Sat, 27 Apr 2013 22:23:36 GMT: DEBUG - App3 >> DataWatchInterface.js >> init >> watchForData data:[object Object]
Sat, 27 Apr 2013 22:23:36 GMT: DEBUG - App3 >> DataWatchInterface.js >> init >> watchForData  data.senderID:63782740
Sat, 27 Apr 2013 22:23:36 GMT: DEBUG - App3 >> DataWatchInterface.js >> init >> watchForData  data.data:[object Object]
Sat, 27 Apr 2013 22:23:36 GMT: DEBUG - App3 >> user.js >>  route>> json[object Object]
Sat, 27 Apr 2013 22:23:36 GMT: DEBUG - App3 >> user.js >>  route>> appID63782740
Sat, 27 Apr 2013 22:23:36 GMT: DEBUG - App3 >> user.js >>  route>> json.command=APP3_GET_VERSION_DISPLAY_TEXT
Sat, 27 Apr 2013 22:23:36 GMT: DEBUG - App3 >> app_zero.js >> Messaging.app_zero.route >> appID:63782740
Sat, 27 Apr 2013 22:23:36 GMT: DEBUG - App3 >> app_zero.js >> Messaging.app_zero.route >> json.command:APP3_GET_VERSION_DISPLAY_TEXT
Sat, 27 Apr 2013 22:23:36 GMT: DEBUG - App3 >> app_zero.js >>  Messaging.app_zero.getVersionDisplayText >> appID: 
Sat, 27 Apr 2013 22:23:36 GMT: DEBUG - App3 >> app_zero.js >>  Messaging.app_zero.utils >> send >> appID: 
Sat, 27 Apr 2013 22:23:36 GMT: DEBUG - Sending ->
Sat, 27 Apr 2013 22:23:36 GMT: DEBUG - App3 >> DataWatchInterface.js >> init >> gm.communication.watchForData success. WatchID:0
Sat, 27 Apr 2013 22:23:36 GMT: DEBUG - App3 >> DataWatchInterface.js >> init >> watchForData data:[object Object]
Sat, 27 Apr 2013 22:23:36 GMT: DEBUG - App3 >> DataWatchInterface.js >> init >> watchForData  data.senderID:63782740
Sat, 27 Apr 2013 22:23:36 GMT: DEBUG - App3 >> DataWatchInterface.js >> init >> watchForData  data.data:[object Object]
Sat, 27 Apr 2013 22:23:36 GMT: DEBUG - App3 >> user.js >>  route>> json[object Object]
Sat, 27 Apr 2013 22:23:36 GMT: DEBUG - App3 >> user.js >>  route>> appID63782740
Sat, 27 Apr 2013 22:23:36 GMT: DEBUG - App3 >> user.js >>  route>> json.command=APP3_GET_MY_VERSION
Sat, 27 Apr 2013 22:23:36 GMT: DEBUG - App3 >> app_zero.js >> Messaging.app_zero.route >> appID:63782740
Sat, 27 Apr 2013 22:23:36 GMT: DEBUG - App3 >> app_zero.js >> Messaging.app_zero.route >> json.command:APP3_GET_MY_VERSION
Sat, 27 Apr 2013 22:23:36 GMT: DEBUG - App3 >> app_zero.js >>  Messaging.app_zero.getMyVersion >> appID: 
Sat, 27 Apr 2013 22:23:36 GMT: DEBUG - App3 >> app_zero.js >>  Messaging.app_zero.utils >> send >> appID: 
Sat, 27 Apr 2013 22:23:36 GMT: DEBUG - Sending ->
Sat, 27 Apr 2013 22:23:43 GMT: DEBUG - APP 3 SYNC >> Bad web service 
Sat, 27 Apr 2013 22:23:43 GMT: DEBUG - APP 3 SYNC >> Bad web service with Sub Status Code undefined and AuthTokenInValid is set to false
Sat, 27 Apr 2013 22:23:43 GMT: DEBUG - APP 3 SYNC >> Bad web service 
Sat, 27 Apr 2013 22:24:30 GMT: INFO - ***************** APP 3 started******************
Sat, 27 Apr 2013 22:24:30 GMT: DEBUG - App3 >> index.js >> onload >> going to call gm.vehicle.getVehicleConfiguration 
Sat, 27 Apr 2013 22:24:30 GMT: DEBUG - App3 >> index.js >> onload 
Sat, 27 Apr 2013 22:24:30 GMT: DEBUG - App3 >> NetworkWatchInterface.js >> init >> calling gm.hmi.watchNetworkConnectivity
Sat, 27 Apr 2013 22:24:30 GMT: DEBUG - App3 >> NetworkWatchInterface.js >> init >> calling gm.hmi.getNetworkConnectivity()
Sat, 27 Apr 2013 22:24:30 GMT: DEBUG - App3 >> NetworkWatchInterface.js >> init >> doing nothing when gm.hmi.getNetworkConnectivity()=true
Sat, 27 Apr 2013 22:24:30 GMT: DEBUG - App3 >> index.js >> onload >> NetworkWatchInterface initializiation called
Sat, 27 Apr 2013 22:24:30 GMT: DEBUG - App3 >> DataWatchInterface.js >> init 
Sat, 27 Apr 2013 22:24:30 GMT: DEBUG - App3 >> index.js >> onload >> DataWatchInterface initializiation called
Sat, 27 Apr 2013 22:24:30 GMT: DEBUG - App3 >> TokenWatchInterface.js >> init 
Sat, 27 Apr 2013 22:24:30 GMT: DEBUG - App3 >> TokenWatchInterface.js >> checkToken >> call gm.networkmanager.getAuthToken 
Sat, 27 Apr 2013 22:24:30 GMT: DEBUG - App3 >> TokenWatchInterface.js >> checkToken >> success in gm.networkmanager.getAuthToken 
Sat, 27 Apr 2013 22:24:30 GMT: DEBUG - App3 >> TokenWatchInterface.js >> checkToken >> current Date:Sat Apr 27 2013 00:00:00 GMT-0400 (EDT)
Sat, 27 Apr 2013 22:24:30 GMT: DEBUG - APP 3 >>  TokenWatchInterface.js >> checkToken >> Current Date: 
Sat, 27 Apr 2013 22:24:30 GMT: DEBUG - App3 >> index.js >> onload >> TokenWatchInterface initializiation called
Sat, 27 Apr 2013 22:24:30 GMT: DEBUG - App3 >> index.js >> onload >> getNetworkConnectivity=true
Sat, 27 Apr 2013 22:24:30 GMT: DEBUG - App3 >>index.js >> onload >>  Network connectivity is available Start Sync
Sat, 27 Apr 2013 22:24:30 GMT: DEBUG - App3 >> sync.js >>  synchronize >>STARTING SYNC
Sat, 27 Apr 2013 22:24:30 GMT: DEBUG - App3 >> sync.js >>  synchronize >> call gm.networkmanager.getAuthToken
Sat, 27 Apr 2013 22:24:30 GMT: DEBUG - App3 >> sync.js >>  synchronize >> success in gm.networkmanager.getAuthToken
Sat, 27 Apr 2013 22:24:30 GMT: DEBUG - App3 >> sync.js >>  synchronize >>getAuth Token userData:[object Object]
Sat, 27 Apr 2013 22:24:30 GMT: DEBUG - App3 >> sync.js >>  synchronize >> userdata Authtoken:m5g9i2s
Sat, 27 Apr 2013 22:24:30 GMT: DEBUG - App3 >>index.js >> onload >> call Config.processBaseUrl()
Sat, 27 Apr 2013 22:24:32 GMT: DEBUG - App3 >> DataWatchInterface.js >> init >> gm.communication.watchForData success. WatchID:0
Sat, 27 Apr 2013 22:24:32 GMT: DEBUG - App3 >> DataWatchInterface.js >> init >> watchForData data:[object Object]
Sat, 27 Apr 2013 22:24:32 GMT: DEBUG - App3 >> DataWatchInterface.js >> init >> watchForData  data.senderID:63782740
Sat, 27 Apr 2013 22:24:32 GMT: DEBUG - App3 >> DataWatchInterface.js >> init >> watchForData  data.data:[object Object]
Sat, 27 Apr 2013 22:24:32 GMT: DEBUG - App3 >> user.js >>  route>> json[object Object]
Sat, 27 Apr 2013 22:24:32 GMT: DEBUG - App3 >> user.js >>  route>> appID63782740
Sat, 27 Apr 2013 22:24:32 GMT: DEBUG - App3 >> user.js >>  route>> json.command=APP3_GET_VERSION_DISPLAY_TEXT
Sat, 27 Apr 2013 22:24:32 GMT: DEBUG - App3 >> app_zero.js >> Messaging.app_zero.route >> appID:63782740
Sat, 27 Apr 2013 22:24:32 GMT: DEBUG - App3 >> app_zero.js >> Messaging.app_zero.route >> json.command:APP3_GET_VERSION_DISPLAY_TEXT
Sat, 27 Apr 2013 22:24:32 GMT: DEBUG - App3 >> app_zero.js >>  Messaging.app_zero.getVersionDisplayText >> appID: 
Sat, 27 Apr 2013 22:24:32 GMT: DEBUG - App3 >> app_zero.js >>  Messaging.app_zero.utils >> send >> appID: 
Sat, 27 Apr 2013 22:24:32 GMT: DEBUG - Sending ->
Sat, 27 Apr 2013 22:24:32 GMT: DEBUG - App3 >> DataWatchInterface.js >> init >> gm.communication.watchForData success. WatchID:0
Sat, 27 Apr 2013 22:24:32 GMT: DEBUG - App3 >> DataWatchInterface.js >> init >> watchForData data:[object Object]
Sat, 27 Apr 2013 22:24:32 GMT: DEBUG - App3 >> DataWatchInterface.js >> init >> watchForData  data.senderID:63782740
Sat, 27 Apr 2013 22:24:32 GMT: DEBUG - App3 >> DataWatchInterface.js >> init >> watchForData  data.data:[object Object]
Sat, 27 Apr 2013 22:24:32 GMT: DEBUG - App3 >> user.js >>  route>> json[object Object]
Sat, 27 Apr 2013 22:24:32 GMT: DEBUG - App3 >> user.js >>  route>> appID63782740
Sat, 27 Apr 2013 22:24:32 GMT: DEBUG - App3 >> user.js >>  route>> json.command=APP3_GET_MY_VERSION
Sat, 27 Apr 2013 22:24:32 GMT: DEBUG - App3 >> app_zero.js >> Messaging.app_zero.route >> appID:63782740
Sat, 27 Apr 2013 22:24:32 GMT: DEBUG - App3 >> app_zero.js >> Messaging.app_zero.route >> json.command:APP3_GET_MY_VERSION
Sat, 27 Apr 2013 22:24:32 GMT: DEBUG - App3 >> app_zero.js >>  Messaging.app_zero.getMyVersion >> appID: 
Sat, 27 Apr 2013 22:24:32 GMT: DEBUG - App3 >> app_zero.js >>  Messaging.app_zero.utils >> send >> appID: 
Sat, 27 Apr 2013 22:24:32 GMT: DEBUG - Sending ->
Sat, 27 Apr 2013 22:24:35 GMT: DEBUG - APP 3 SYNC >> Bad web service 
Sat, 27 Apr 2013 22:24:35 GMT: DEBUG - APP 3 SYNC >> Bad web service with Sub Status Code undefined and AuthTokenInValid is set to false
Sat, 27 Apr 2013 22:24:35 GMT: DEBUG - APP 3 SYNC >> Bad web service 
Sat, 27 Apr 2013 22:25:27 GMT: INFO - ***************** APP 3 started******************
Sat, 27 Apr 2013 22:25:27 GMT: DEBUG - App3 >> index.js >> onload >> going to call gm.vehicle.getVehicleConfiguration 
Sat, 27 Apr 2013 22:25:27 GMT: DEBUG - App3 >> index.js >> onload 
Sat, 27 Apr 2013 22:25:27 GMT: DEBUG - App3 >> NetworkWatchInterface.js >> init >> calling gm.hmi.watchNetworkConnectivity
Sat, 27 Apr 2013 22:25:27 GMT: DEBUG - App3 >> NetworkWatchInterface.js >> init >> calling gm.hmi.getNetworkConnectivity()
Sat, 27 Apr 2013 22:25:27 GMT: DEBUG - App3 >> NetworkWatchInterface.js >> init >> doing nothing when gm.hmi.getNetworkConnectivity()=true
Sat, 27 Apr 2013 22:25:27 GMT: DEBUG - App3 >> index.js >> onload >> NetworkWatchInterface initializiation called
Sat, 27 Apr 2013 22:25:27 GMT: DEBUG - App3 >> DataWatchInterface.js >> init 
Sat, 27 Apr 2013 22:25:27 GMT: DEBUG - App3 >> index.js >> onload >> DataWatchInterface initializiation called
Sat, 27 Apr 2013 22:25:27 GMT: DEBUG - App3 >> TokenWatchInterface.js >> init 
Sat, 27 Apr 2013 22:25:27 GMT: DEBUG - App3 >> TokenWatchInterface.js >> checkToken >> call gm.networkmanager.getAuthToken 
Sat, 27 Apr 2013 22:25:27 GMT: DEBUG - App3 >> TokenWatchInterface.js >> checkToken >> success in gm.networkmanager.getAuthToken 
Sat, 27 Apr 2013 22:25:27 GMT: DEBUG - App3 >> TokenWatchInterface.js >> checkToken >> current Date:Sat Apr 27 2013 00:00:00 GMT-0400 (EDT)
Sat, 27 Apr 2013 22:25:27 GMT: DEBUG - APP 3 >>  TokenWatchInterface.js >> checkToken >> Current Date: 
Sat, 27 Apr 2013 22:25:27 GMT: DEBUG - App3 >> index.js >> onload >> TokenWatchInterface initializiation called
Sat, 27 Apr 2013 22:25:27 GMT: DEBUG - App3 >> index.js >> onload >> getNetworkConnectivity=true
Sat, 27 Apr 2013 22:25:27 GMT: DEBUG - App3 >>index.js >> onload >>  Network connectivity is available Start Sync
Sat, 27 Apr 2013 22:25:27 GMT: DEBUG - App3 >> sync.js >>  synchronize >>STARTING SYNC
Sat, 27 Apr 2013 22:25:27 GMT: DEBUG - App3 >> sync.js >>  synchronize >> call gm.networkmanager.getAuthToken
Sat, 27 Apr 2013 22:25:27 GMT: DEBUG - App3 >> sync.js >>  synchronize >> success in gm.networkmanager.getAuthToken
Sat, 27 Apr 2013 22:25:27 GMT: DEBUG - App3 >> sync.js >>  synchronize >>getAuth Token userData:[object Object]
Sat, 27 Apr 2013 22:25:27 GMT: DEBUG - App3 >> sync.js >>  synchronize >> userdata Authtoken:m5g9i2s
Sat, 27 Apr 2013 22:25:27 GMT: DEBUG - App3 >>index.js >> onload >> call Config.processBaseUrl()
Sat, 27 Apr 2013 22:25:28 GMT: DEBUG - App3 >> DataWatchInterface.js >> init >> gm.communication.watchForData success. WatchID:0
Sat, 27 Apr 2013 22:25:28 GMT: DEBUG - App3 >> DataWatchInterface.js >> init >> watchForData data:[object Object]
Sat, 27 Apr 2013 22:25:28 GMT: DEBUG - App3 >> DataWatchInterface.js >> init >> watchForData  data.senderID:63782740
Sat, 27 Apr 2013 22:25:28 GMT: DEBUG - App3 >> DataWatchInterface.js >> init >> watchForData  data.data:[object Object]
Sat, 27 Apr 2013 22:25:28 GMT: DEBUG - App3 >> user.js >>  route>> json[object Object]
Sat, 27 Apr 2013 22:25:28 GMT: DEBUG - App3 >> user.js >>  route>> appID63782740
Sat, 27 Apr 2013 22:25:28 GMT: DEBUG - App3 >> user.js >>  route>> json.command=APP3_GET_VERSION_DISPLAY_TEXT
Sat, 27 Apr 2013 22:25:28 GMT: DEBUG - App3 >> app_zero.js >> Messaging.app_zero.route >> appID:63782740
Sat, 27 Apr 2013 22:25:28 GMT: DEBUG - App3 >> app_zero.js >> Messaging.app_zero.route >> json.command:APP3_GET_VERSION_DISPLAY_TEXT
Sat, 27 Apr 2013 22:25:28 GMT: DEBUG - App3 >> app_zero.js >>  Messaging.app_zero.getVersionDisplayText >> appID: 
Sat, 27 Apr 2013 22:25:28 GMT: DEBUG - App3 >> app_zero.js >>  Messaging.app_zero.utils >> send >> appID: 
Sat, 27 Apr 2013 22:25:28 GMT: DEBUG - Sending ->
Sat, 27 Apr 2013 22:25:28 GMT: DEBUG - App3 >> DataWatchInterface.js >> init >> gm.communication.watchForData success. WatchID:0
Sat, 27 Apr 2013 22:25:28 GMT: DEBUG - App3 >> DataWatchInterface.js >> init >> watchForData data:[object Object]
Sat, 27 Apr 2013 22:25:28 GMT: DEBUG - App3 >> DataWatchInterface.js >> init >> watchForData  data.senderID:63782740
Sat, 27 Apr 2013 22:25:28 GMT: DEBUG - App3 >> DataWatchInterface.js >> init >> watchForData  data.data:[object Object]
Sat, 27 Apr 2013 22:25:28 GMT: DEBUG - App3 >> user.js >>  route>> json[object Object]
Sat, 27 Apr 2013 22:25:28 GMT: DEBUG - App3 >> user.js >>  route>> appID63782740
Sat, 27 Apr 2013 22:25:28 GMT: DEBUG - App3 >> user.js >>  route>> json.command=APP3_GET_MY_VERSION
Sat, 27 Apr 2013 22:25:28 GMT: DEBUG - App3 >> app_zero.js >> Messaging.app_zero.route >> appID:63782740
Sat, 27 Apr 2013 22:25:28 GMT: DEBUG - App3 >> app_zero.js >> Messaging.app_zero.route >> json.command:APP3_GET_MY_VERSION
Sat, 27 Apr 2013 22:25:28 GMT: DEBUG - App3 >> app_zero.js >>  Messaging.app_zero.getMyVersion >> appID: 
Sat, 27 Apr 2013 22:25:28 GMT: DEBUG - App3 >> app_zero.js >>  Messaging.app_zero.utils >> send >> appID: 
Sat, 27 Apr 2013 22:25:28 GMT: DEBUG - Sending ->
Sat, 27 Apr 2013 22:25:37 GMT: DEBUG - APP 3 SYNC >> Bad web service 
Sat, 27 Apr 2013 22:25:37 GMT: DEBUG - APP 3 SYNC >> Bad web service with Sub Status Code undefined and AuthTokenInValid is set to false
Sat, 27 Apr 2013 22:25:37 GMT: DEBUG - APP 3 SYNC >> Bad web service 
Sat, 27 Apr 2013 22:26:51 GMT: INFO - ***************** APP 3 started******************
Sat, 27 Apr 2013 22:26:51 GMT: DEBUG - App3 >> index.js >> onload >> going to call gm.vehicle.getVehicleConfiguration 
Sat, 27 Apr 2013 22:26:51 GMT: DEBUG - App3 >> index.js >> onload 
Sat, 27 Apr 2013 22:26:51 GMT: DEBUG - App3 >> NetworkWatchInterface.js >> init >> calling gm.hmi.watchNetworkConnectivity
Sat, 27 Apr 2013 22:26:51 GMT: DEBUG - App3 >> NetworkWatchInterface.js >> init >> calling gm.hmi.getNetworkConnectivity()
Sat, 27 Apr 2013 22:26:51 GMT: DEBUG - App3 >> NetworkWatchInterface.js >> init >> doing nothing when gm.hmi.getNetworkConnectivity()=true
Sat, 27 Apr 2013 22:26:51 GMT: DEBUG - App3 >> index.js >> onload >> NetworkWatchInterface initializiation called
Sat, 27 Apr 2013 22:26:51 GMT: DEBUG - App3 >> DataWatchInterface.js >> init 
Sat, 27 Apr 2013 22:26:51 GMT: DEBUG - App3 >> index.js >> onload >> DataWatchInterface initializiation called
Sat, 27 Apr 2013 22:26:51 GMT: DEBUG - App3 >> TokenWatchInterface.js >> init 
Sat, 27 Apr 2013 22:26:51 GMT: DEBUG - App3 >> TokenWatchInterface.js >> checkToken >> call gm.networkmanager.getAuthToken 
Sat, 27 Apr 2013 22:26:51 GMT: DEBUG - App3 >> TokenWatchInterface.js >> checkToken >> success in gm.networkmanager.getAuthToken 
Sat, 27 Apr 2013 22:26:51 GMT: DEBUG - App3 >> TokenWatchInterface.js >> checkToken >> current Date:Sat Apr 27 2013 00:00:00 GMT-0400 (EDT)
Sat, 27 Apr 2013 22:26:51 GMT: DEBUG - APP 3 >>  TokenWatchInterface.js >> checkToken >> Current Date: 
Sat, 27 Apr 2013 22:26:51 GMT: DEBUG - App3 >> index.js >> onload >> TokenWatchInterface initializiation called
Sat, 27 Apr 2013 22:26:51 GMT: DEBUG - App3 >> index.js >> onload >> getNetworkConnectivity=true
Sat, 27 Apr 2013 22:26:51 GMT: DEBUG - App3 >>index.js >> onload >>  Network connectivity is available Start Sync
Sat, 27 Apr 2013 22:26:51 GMT: DEBUG - App3 >> sync.js >>  synchronize >>STARTING SYNC
Sat, 27 Apr 2013 22:26:51 GMT: DEBUG - App3 >> sync.js >>  synchronize >> call gm.networkmanager.getAuthToken
Sat, 27 Apr 2013 22:26:51 GMT: DEBUG - App3 >> sync.js >>  synchronize >> success in gm.networkmanager.getAuthToken
Sat, 27 Apr 2013 22:26:51 GMT: DEBUG - App3 >> sync.js >>  synchronize >>getAuth Token userData:[object Object]
Sat, 27 Apr 2013 22:26:51 GMT: DEBUG - App3 >> sync.js >>  synchronize >> userdata Authtoken:m5g9i2s
Sat, 27 Apr 2013 22:26:52 GMT: DEBUG - App3 >>index.js >> onload >> call Config.processBaseUrl()
Sat, 27 Apr 2013 22:26:53 GMT: DEBUG - App3 >> DataWatchInterface.js >> init >> gm.communication.watchForData success. WatchID:0
Sat, 27 Apr 2013 22:26:53 GMT: DEBUG - App3 >> DataWatchInterface.js >> init >> watchForData data:[object Object]
Sat, 27 Apr 2013 22:26:53 GMT: DEBUG - App3 >> DataWatchInterface.js >> init >> watchForData  data.senderID:63782740
Sat, 27 Apr 2013 22:26:53 GMT: DEBUG - App3 >> DataWatchInterface.js >> init >> watchForData  data.data:[object Object]
Sat, 27 Apr 2013 22:26:53 GMT: DEBUG - App3 >> user.js >>  route>> json[object Object]
Sat, 27 Apr 2013 22:26:53 GMT: DEBUG - App3 >> user.js >>  route>> appID63782740
Sat, 27 Apr 2013 22:26:53 GMT: DEBUG - App3 >> user.js >>  route>> json.command=APP3_GET_VERSION_DISPLAY_TEXT
Sat, 27 Apr 2013 22:26:53 GMT: DEBUG - App3 >> app_zero.js >> Messaging.app_zero.route >> appID:63782740
Sat, 27 Apr 2013 22:26:53 GMT: DEBUG - App3 >> app_zero.js >> Messaging.app_zero.route >> json.command:APP3_GET_VERSION_DISPLAY_TEXT
Sat, 27 Apr 2013 22:26:53 GMT: DEBUG - App3 >> app_zero.js >>  Messaging.app_zero.getVersionDisplayText >> appID: 
Sat, 27 Apr 2013 22:26:53 GMT: DEBUG - App3 >> app_zero.js >>  Messaging.app_zero.utils >> send >> appID: 
Sat, 27 Apr 2013 22:26:53 GMT: DEBUG - Sending ->
Sat, 27 Apr 2013 22:26:53 GMT: DEBUG - App3 >> DataWatchInterface.js >> init >> gm.communication.watchForData success. WatchID:0
Sat, 27 Apr 2013 22:26:53 GMT: DEBUG - App3 >> DataWatchInterface.js >> init >> watchForData data:[object Object]
Sat, 27 Apr 2013 22:26:53 GMT: DEBUG - App3 >> DataWatchInterface.js >> init >> watchForData  data.senderID:63782740
Sat, 27 Apr 2013 22:26:53 GMT: DEBUG - App3 >> DataWatchInterface.js >> init >> watchForData  data.data:[object Object]
Sat, 27 Apr 2013 22:26:53 GMT: DEBUG - App3 >> user.js >>  route>> json[object Object]
Sat, 27 Apr 2013 22:26:53 GMT: DEBUG - App3 >> user.js >>  route>> appID63782740
Sat, 27 Apr 2013 22:26:53 GMT: DEBUG - App3 >> user.js >>  route>> json.command=APP3_GET_MY_VERSION
Sat, 27 Apr 2013 22:26:53 GMT: DEBUG - App3 >> app_zero.js >> Messaging.app_zero.route >> appID:63782740
Sat, 27 Apr 2013 22:26:53 GMT: DEBUG - App3 >> app_zero.js >> Messaging.app_zero.route >> json.command:APP3_GET_MY_VERSION
Sat, 27 Apr 2013 22:26:53 GMT: DEBUG - App3 >> app_zero.js >>  Messaging.app_zero.getMyVersion >> appID: 
Sat, 27 Apr 2013 22:26:53 GMT: DEBUG - App3 >> app_zero.js >>  Messaging.app_zero.utils >> send >> appID: 
Sat, 27 Apr 2013 22:26:53 GMT: DEBUG - Sending ->
Sat, 27 Apr 2013 22:26:53 GMT: DEBUG - APP 3 SYNC >> Bad web service 
Sat, 27 Apr 2013 22:26:53 GMT: DEBUG - APP 3 SYNC >> Bad web service with Sub Status Code undefined and AuthTokenInValid is set to false
Sat, 27 Apr 2013 22:26:53 GMT: DEBUG - APP 3 SYNC >> Bad web service 
Sat, 27 Apr 2013 22:27:25 GMT: INFO - ***************** APP 3 started******************
Sat, 27 Apr 2013 22:27:25 GMT: DEBUG - App3 >> index.js >> onload >> going to call gm.vehicle.getVehicleConfiguration 
Sat, 27 Apr 2013 22:27:25 GMT: DEBUG - App3 >> index.js >> onload 
Sat, 27 Apr 2013 22:27:25 GMT: DEBUG - App3 >> NetworkWatchInterface.js >> init >> calling gm.hmi.watchNetworkConnectivity
Sat, 27 Apr 2013 22:27:26 GMT: DEBUG - App3 >> NetworkWatchInterface.js >> init >> calling gm.hmi.getNetworkConnectivity()
Sat, 27 Apr 2013 22:27:26 GMT: DEBUG - App3 >> NetworkWatchInterface.js >> init >> doing nothing when gm.hmi.getNetworkConnectivity()=true
Sat, 27 Apr 2013 22:27:26 GMT: DEBUG - App3 >> index.js >> onload >> NetworkWatchInterface initializiation called
Sat, 27 Apr 2013 22:27:26 GMT: DEBUG - App3 >> DataWatchInterface.js >> init 
Sat, 27 Apr 2013 22:27:26 GMT: DEBUG - App3 >> index.js >> onload >> DataWatchInterface initializiation called
Sat, 27 Apr 2013 22:27:26 GMT: DEBUG - App3 >> TokenWatchInterface.js >> init 
Sat, 27 Apr 2013 22:27:26 GMT: DEBUG - App3 >> TokenWatchInterface.js >> checkToken >> call gm.networkmanager.getAuthToken 
Sat, 27 Apr 2013 22:27:26 GMT: DEBUG - App3 >> TokenWatchInterface.js >> checkToken >> success in gm.networkmanager.getAuthToken 
Sat, 27 Apr 2013 22:27:26 GMT: DEBUG - App3 >> TokenWatchInterface.js >> checkToken >> current Date:Sat Apr 27 2013 00:00:00 GMT-0400 (EDT)
Sat, 27 Apr 2013 22:27:26 GMT: DEBUG - APP 3 >>  TokenWatchInterface.js >> checkToken >> Current Date: 
Sat, 27 Apr 2013 22:27:26 GMT: DEBUG - App3 >> index.js >> onload >> TokenWatchInterface initializiation called
Sat, 27 Apr 2013 22:27:26 GMT: DEBUG - App3 >> index.js >> onload >> getNetworkConnectivity=true
Sat, 27 Apr 2013 22:27:26 GMT: DEBUG - App3 >>index.js >> onload >>  Network connectivity is available Start Sync
Sat, 27 Apr 2013 22:27:26 GMT: DEBUG - App3 >> sync.js >>  synchronize >>STARTING SYNC
Sat, 27 Apr 2013 22:27:26 GMT: DEBUG - App3 >> sync.js >>  synchronize >> call gm.networkmanager.getAuthToken
Sat, 27 Apr 2013 22:27:26 GMT: DEBUG - App3 >> sync.js >>  synchronize >> success in gm.networkmanager.getAuthToken
Sat, 27 Apr 2013 22:27:26 GMT: DEBUG - App3 >> sync.js >>  synchronize >>getAuth Token userData:[object Object]
Sat, 27 Apr 2013 22:27:26 GMT: DEBUG - App3 >> sync.js >>  synchronize >> userdata Authtoken:m5g9i2s
Sat, 27 Apr 2013 22:27:26 GMT: DEBUG - App3 >>index.js >> onload >> call Config.processBaseUrl()
Sat, 27 Apr 2013 22:27:27 GMT: DEBUG - APP 3 SYNC >> Bad web service 
Sat, 27 Apr 2013 22:27:27 GMT: DEBUG - APP 3 SYNC >> Bad web service with Sub Status Code undefined and AuthTokenInValid is set to false
Sat, 27 Apr 2013 22:27:27 GMT: DEBUG - APP 3 SYNC >> Bad web service 
Sat, 27 Apr 2013 22:27:43 GMT: INFO - ***************** APP 3 started******************
Sat, 27 Apr 2013 22:27:43 GMT: DEBUG - App3 >> index.js >> onload >> going to call gm.vehicle.getVehicleConfiguration 
Sat, 27 Apr 2013 22:27:43 GMT: DEBUG - App3 >> index.js >> onload 
Sat, 27 Apr 2013 22:27:43 GMT: DEBUG - App3 >> NetworkWatchInterface.js >> init >> calling gm.hmi.watchNetworkConnectivity
Sat, 27 Apr 2013 22:27:43 GMT: DEBUG - App3 >> NetworkWatchInterface.js >> init >> calling gm.hmi.getNetworkConnectivity()
Sat, 27 Apr 2013 22:27:43 GMT: DEBUG - App3 >> NetworkWatchInterface.js >> init >> doing nothing when gm.hmi.getNetworkConnectivity()=true
Sat, 27 Apr 2013 22:27:43 GMT: DEBUG - App3 >> index.js >> onload >> NetworkWatchInterface initializiation called
Sat, 27 Apr 2013 22:27:43 GMT: DEBUG - App3 >> DataWatchInterface.js >> init 
Sat, 27 Apr 2013 22:27:43 GMT: DEBUG - App3 >> index.js >> onload >> DataWatchInterface initializiation called
Sat, 27 Apr 2013 22:27:43 GMT: DEBUG - App3 >> TokenWatchInterface.js >> init 
Sat, 27 Apr 2013 22:27:43 GMT: DEBUG - App3 >> TokenWatchInterface.js >> checkToken >> call gm.networkmanager.getAuthToken 
Sat, 27 Apr 2013 22:27:43 GMT: DEBUG - App3 >> TokenWatchInterface.js >> checkToken >> success in gm.networkmanager.getAuthToken 
Sat, 27 Apr 2013 22:27:43 GMT: DEBUG - App3 >> TokenWatchInterface.js >> checkToken >> current Date:Sat Apr 27 2013 00:00:00 GMT-0400 (EDT)
Sat, 27 Apr 2013 22:27:43 GMT: DEBUG - APP 3 >>  TokenWatchInterface.js >> checkToken >> Current Date: 
Sat, 27 Apr 2013 22:27:43 GMT: DEBUG - App3 >> index.js >> onload >> TokenWatchInterface initializiation called
Sat, 27 Apr 2013 22:27:43 GMT: DEBUG - App3 >> index.js >> onload >> getNetworkConnectivity=true
Sat, 27 Apr 2013 22:27:43 GMT: DEBUG - App3 >>index.js >> onload >>  Network connectivity is available Start Sync
Sat, 27 Apr 2013 22:27:43 GMT: DEBUG - App3 >> sync.js >>  synchronize >>STARTING SYNC
Sat, 27 Apr 2013 22:27:43 GMT: DEBUG - App3 >> sync.js >>  synchronize >> call gm.networkmanager.getAuthToken
Sat, 27 Apr 2013 22:27:43 GMT: DEBUG - App3 >> sync.js >>  synchronize >> success in gm.networkmanager.getAuthToken
Sat, 27 Apr 2013 22:27:43 GMT: DEBUG - App3 >> sync.js >>  synchronize >>getAuth Token userData:[object Object]
Sat, 27 Apr 2013 22:27:43 GMT: DEBUG - App3 >> sync.js >>  synchronize >> userdata Authtoken:m5g9i2s
Sat, 27 Apr 2013 22:27:43 GMT: DEBUG - App3 >>index.js >> onload >> call Config.processBaseUrl()
Sat, 27 Apr 2013 22:27:44 GMT: DEBUG - APP 3 SYNC >> Bad web service 
Sat, 27 Apr 2013 22:27:44 GMT: DEBUG - APP 3 SYNC >> Bad web service with Sub Status Code undefined and AuthTokenInValid is set to false
Sat, 27 Apr 2013 22:27:44 GMT: DEBUG - APP 3 SYNC >> Bad web service 
Sat, 27 Apr 2013 22:29:28 GMT: INFO - ***************** APP 3 started******************
Sat, 27 Apr 2013 22:29:28 GMT: DEBUG - App3 >> index.js >> onload >> going to call gm.vehicle.getVehicleConfiguration 
Sat, 27 Apr 2013 22:29:28 GMT: DEBUG - App3 >> index.js >> onload 
Sat, 27 Apr 2013 22:29:28 GMT: DEBUG - App3 >> NetworkWatchInterface.js >> init >> calling gm.hmi.watchNetworkConnectivity
Sat, 27 Apr 2013 22:29:28 GMT: DEBUG - App3 >> NetworkWatchInterface.js >> init >> calling gm.hmi.getNetworkConnectivity()
Sat, 27 Apr 2013 22:29:28 GMT: DEBUG - App3 >> NetworkWatchInterface.js >> init >> doing nothing when gm.hmi.getNetworkConnectivity()=true
Sat, 27 Apr 2013 22:29:28 GMT: DEBUG - App3 >> index.js >> onload >> NetworkWatchInterface initializiation called
Sat, 27 Apr 2013 22:29:28 GMT: DEBUG - App3 >> DataWatchInterface.js >> init 
Sat, 27 Apr 2013 22:29:28 GMT: DEBUG - App3 >> index.js >> onload >> DataWatchInterface initializiation called
Sat, 27 Apr 2013 22:29:28 GMT: DEBUG - App3 >> TokenWatchInterface.js >> init 
Sat, 27 Apr 2013 22:29:28 GMT: DEBUG - App3 >> TokenWatchInterface.js >> checkToken >> call gm.networkmanager.getAuthToken 
Sat, 27 Apr 2013 22:29:28 GMT: DEBUG - App3 >> TokenWatchInterface.js >> checkToken >> success in gm.networkmanager.getAuthToken 
Sat, 27 Apr 2013 22:29:28 GMT: DEBUG - App3 >> TokenWatchInterface.js >> checkToken >> current Date:Sat Apr 27 2013 00:00:00 GMT-0400 (EDT)
Sat, 27 Apr 2013 22:29:28 GMT: DEBUG - APP 3 >>  TokenWatchInterface.js >> checkToken >> Current Date: 
Sat, 27 Apr 2013 22:29:28 GMT: DEBUG - App3 >> index.js >> onload >> TokenWatchInterface initializiation called
Sat, 27 Apr 2013 22:29:28 GMT: DEBUG - App3 >> index.js >> onload >> getNetworkConnectivity=true
Sat, 27 Apr 2013 22:29:28 GMT: DEBUG - App3 >>index.js >> onload >>  Network connectivity is available Start Sync
Sat, 27 Apr 2013 22:29:28 GMT: DEBUG - App3 >> sync.js >>  synchronize >>STARTING SYNC
Sat, 27 Apr 2013 22:29:28 GMT: DEBUG - App3 >> sync.js >>  synchronize >> call gm.networkmanager.getAuthToken
Sat, 27 Apr 2013 22:29:28 GMT: DEBUG - App3 >> sync.js >>  synchronize >> success in gm.networkmanager.getAuthToken
Sat, 27 Apr 2013 22:29:28 GMT: DEBUG - App3 >> sync.js >>  synchronize >>getAuth Token userData:[object Object]
Sat, 27 Apr 2013 22:29:28 GMT: DEBUG - App3 >> sync.js >>  synchronize >> userdata Authtoken:m5g9i2s
Sat, 27 Apr 2013 22:29:28 GMT: DEBUG - App3 >>index.js >> onload >> call Config.processBaseUrl()
Sat, 27 Apr 2013 22:29:30 GMT: DEBUG - APP 3 SYNC >> Bad web service 
Sat, 27 Apr 2013 22:29:30 GMT: DEBUG - APP 3 SYNC >> Bad web service with Sub Status Code undefined and AuthTokenInValid is set to false
Sat, 27 Apr 2013 22:29:30 GMT: DEBUG - APP 3 SYNC >> Bad web service 
Sat, 27 Apr 2013 22:30:41 GMT: INFO - ***************** APP 3 started******************
Sat, 27 Apr 2013 22:30:41 GMT: DEBUG - App3 >> index.js >> onload >> going to call gm.vehicle.getVehicleConfiguration 
Sat, 27 Apr 2013 22:30:41 GMT: DEBUG - App3 >> index.js >> onload 
Sat, 27 Apr 2013 22:30:41 GMT: DEBUG - App3 >> NetworkWatchInterface.js >> init >> calling gm.hmi.watchNetworkConnectivity
Sat, 27 Apr 2013 22:30:41 GMT: DEBUG - App3 >> NetworkWatchInterface.js >> init >> calling gm.hmi.getNetworkConnectivity()
Sat, 27 Apr 2013 22:30:41 GMT: DEBUG - App3 >> NetworkWatchInterface.js >> init >> doing nothing when gm.hmi.getNetworkConnectivity()=true
Sat, 27 Apr 2013 22:30:41 GMT: DEBUG - App3 >> index.js >> onload >> NetworkWatchInterface initializiation called
Sat, 27 Apr 2013 22:30:41 GMT: DEBUG - App3 >> DataWatchInterface.js >> init 
Sat, 27 Apr 2013 22:30:41 GMT: DEBUG - App3 >> index.js >> onload >> DataWatchInterface initializiation called
Sat, 27 Apr 2013 22:30:41 GMT: DEBUG - App3 >> TokenWatchInterface.js >> init 
Sat, 27 Apr 2013 22:30:41 GMT: DEBUG - App3 >> TokenWatchInterface.js >> checkToken >> call gm.networkmanager.getAuthToken 
Sat, 27 Apr 2013 22:30:41 GMT: DEBUG - App3 >> TokenWatchInterface.js >> checkToken >> success in gm.networkmanager.getAuthToken 
Sat, 27 Apr 2013 22:30:41 GMT: DEBUG - App3 >> TokenWatchInterface.js >> checkToken >> current Date:Sat Apr 27 2013 00:00:00 GMT-0400 (EDT)
Sat, 27 Apr 2013 22:30:41 GMT: DEBUG - APP 3 >>  TokenWatchInterface.js >> checkToken >> Current Date: 
Sat, 27 Apr 2013 22:30:41 GMT: DEBUG - App3 >> index.js >> onload >> TokenWatchInterface initializiation called
Sat, 27 Apr 2013 22:30:41 GMT: DEBUG - App3 >> index.js >> onload >> getNetworkConnectivity=true
Sat, 27 Apr 2013 22:30:41 GMT: DEBUG - App3 >>index.js >> onload >>  Network connectivity is available Start Sync
Sat, 27 Apr 2013 22:30:41 GMT: DEBUG - App3 >> sync.js >>  synchronize >>STARTING SYNC
Sat, 27 Apr 2013 22:30:41 GMT: DEBUG - App3 >> sync.js >>  synchronize >> call gm.networkmanager.getAuthToken
Sat, 27 Apr 2013 22:30:41 GMT: DEBUG - App3 >> sync.js >>  synchronize >> success in gm.networkmanager.getAuthToken
Sat, 27 Apr 2013 22:30:41 GMT: DEBUG - App3 >> sync.js >>  synchronize >>getAuth Token userData:[object Object]
Sat, 27 Apr 2013 22:30:41 GMT: DEBUG - App3 >> sync.js >>  synchronize >> userdata Authtoken:m5g9i2s
Sat, 27 Apr 2013 22:30:41 GMT: DEBUG - App3 >>index.js >> onload >> call Config.processBaseUrl()
Sat, 27 Apr 2013 22:30:44 GMT: DEBUG - APP 3 SYNC >> Bad web service 
Sat, 27 Apr 2013 22:30:44 GMT: DEBUG - APP 3 SYNC >> Bad web service with Sub Status Code undefined and AuthTokenInValid is set to false
Sat, 27 Apr 2013 22:30:44 GMT: DEBUG - APP 3 SYNC >> Bad web service 
